<?xml version="1.0" encoding="UTF-8"?>
<!-- Generated by org.testng.reporters.JUnitReportReporter -->
<testsuite hostname="Deepak-HP" name="Testscript.script_Search" tests="2" failures="0" timestamp="26 May 2017 01:06:00 GMT" time="67.455" errors="0">
  <testcase name="ValidSearch" time="27.468" classname="Testscript.script_Search"/>
  <testcase name="Invalid_Search" time="39.987" classname="Testscript.script_Search"/>
</testsuite> <!-- Testscript.script_Search -->
