<?xml version="1.0" encoding="UTF-8"?>
<!-- Generated by org.testng.reporters.JUnitReportReporter -->
<testsuite hostname="Deepak-HP" name="Testscript.script_login" tests="2" failures="0" timestamp="2 Jun 2017 01:24:03 GMT" time="42.478" errors="0">
  <testcase name="invalid_Login" time="19.240" classname="Testscript.script_login"/>
  <testcase name="valid_Login" time="23.238" classname="Testscript.script_login"/>
</testsuite> <!-- Testscript.script_login -->
