<?xml version="1.0" encoding="UTF-8"?>
<!-- Generated by org.testng.reporters.JUnitReportReporter -->
<testsuite hostname="Deepak-HP" name="Testscript.script_login" tests="2" failures="0" timestamp="2 Jun 2017 01:27:19 GMT" time="39.617" errors="0">
  <testcase name="valid_Login" time="20.092" classname="Testscript.script_login"/>
  <testcase name="invalid_Login" time="19.525" classname="Testscript.script_login"/>
</testsuite> <!-- Testscript.script_login -->
